<?xml version="1.0" encoding="UTF-8"?>
<testng-results ignored="0" total="4" passed="4" failed="0" skipped="0">
  <reporter-output>
  </reporter-output>
  <suite started-at="2021-10-09T06:56:54Z" name="Default suite" finished-at="2021-10-09T07:02:29Z" duration-ms="335106">
    <groups>
    </groups>
    <test started-at="2021-10-09T06:56:54Z" name="Default test" finished-at="2021-10-09T07:02:29Z" duration-ms="335106">
      <class name="restassuredTests.WeatherForecast">
        <test-method is-config="true" signature="beachesDataInput()[pri:0, instance:restassuredTests.WeatherForecast@6caf0677]" started-at="2021-10-09T06:56:54Z" name="beachesDataInput" finished-at="2021-10-09T06:56:54Z" duration-ms="12" status="PASS">
          <reporter-output>
          </reporter-output>
        </test-method> <!-- beachesDataInput -->
        <test-method signature="apiUsageCheck()[pri:0, instance:restassuredTests.WeatherForecast@6caf0677]" started-at="2021-10-09T06:56:54Z" name="apiUsageCheck" finished-at="2021-10-09T06:56:57Z" duration-ms="3407" status="PASS">
          <reporter-output>
          </reporter-output>
        </test-method> <!-- apiUsageCheck -->
        <test-method signature="testLog()[pri:0, instance:restassuredTests.WeatherForecast@6caf0677]" started-at="2021-10-09T06:56:57Z" name="testLog" finished-at="2021-10-09T06:56:59Z" duration-ms="1269" status="PASS">
          <reporter-output>
          </reporter-output>
        </test-method> <!-- testLog -->
        <test-method signature="testWeatherAPIStatus()[pri:0, instance:restassuredTests.WeatherForecast@6caf0677]" started-at="2021-10-09T06:56:59Z" name="testWeatherAPIStatus" finished-at="2021-10-09T06:57:00Z" duration-ms="1174" status="PASS">
          <reporter-output>
          </reporter-output>
        </test-method> <!-- testWeatherAPIStatus -->
        <test-method signature="verifyTemp()[pri:0, instance:restassuredTests.WeatherForecast@6caf0677]" started-at="2021-10-09T06:57:00Z" name="verifyTemp" finished-at="2021-10-09T07:02:29Z" duration-ms="329213" status="PASS">
          <reporter-output>
          </reporter-output>
        </test-method> <!-- verifyTemp -->
      </class> <!-- restassuredTests.WeatherForecast -->
    </test> <!-- Default test -->
  </suite> <!-- Default suite -->
</testng-results>
