<?xml version="1.0" encoding="UTF-8"?>
<testng-results ignored="0" total="3" passed="3" failed="0" skipped="0">
  <reporter-output>
  </reporter-output>
  <suite started-at="2021-10-09T11:06:14Z" name="Default suite" finished-at="2021-10-09T11:06:20Z" duration-ms="6192">
    <groups>
    </groups>
    <test started-at="2021-10-09T11:06:14Z" name="Default test" finished-at="2021-10-09T11:06:20Z" duration-ms="6192">
      <class name="restassuredTests.PostalOrCityName">
        <test-method signature="checkCityNameInCurrentWeatherAPI()[pri:0, instance:restassuredTests.PostalOrCityName@1349883]" started-at="2021-10-09T11:06:14Z" name="checkCityNameInCurrentWeatherAPI" finished-at="2021-10-09T11:06:18Z" duration-ms="3684" status="PASS">
          <reporter-output>
          </reporter-output>
        </test-method> <!-- checkCityNameInCurrentWeatherAPI -->
        <test-method signature="checkCityNameInForecastWeatherAPI()[pri:0, instance:restassuredTests.PostalOrCityName@1349883]" started-at="2021-10-09T11:06:18Z" name="checkCityNameInForecastWeatherAPI" finished-at="2021-10-09T11:06:19Z" duration-ms="1307" status="PASS">
          <reporter-output>
          </reporter-output>
        </test-method> <!-- checkCityNameInForecastWeatherAPI -->
        <test-method signature="testCurrentWeatherAPIStatus()[pri:0, instance:restassuredTests.PostalOrCityName@1349883]" started-at="2021-10-09T11:06:19Z" name="testCurrentWeatherAPIStatus" finished-at="2021-10-09T11:06:20Z" duration-ms="1168" status="PASS">
          <reporter-output>
          </reporter-output>
        </test-method> <!-- testCurrentWeatherAPIStatus -->
      </class> <!-- restassuredTests.PostalOrCityName -->
    </test> <!-- Default test -->
  </suite> <!-- Default suite -->
</testng-results>
