<?xml version="1.0" encoding="UTF-8"?>
<!-- Generated by org.testng.reporters.JUnitXMLReporter -->
<testsuite ignored="0" hostname="Min" failures="0" tests="3" name="Default test" time="6.192" errors="0" timestamp="09 Oct 2021 11:06:20 GMT">
  <testcase classname="restassuredTests.PostalOrCityName" name="checkCityNameInCurrentWeatherAPI" time="3.684"/>
  <testcase classname="restassuredTests.PostalOrCityName" name="checkCityNameInForecastWeatherAPI" time="1.307"/>
  <testcase classname="restassuredTests.PostalOrCityName" name="testCurrentWeatherAPIStatus" time="1.168"/>
</testsuite> <!-- Default test -->
