<?xml version="1.0" encoding="UTF-8"?>
<!-- Generated by org.testng.reporters.JUnitXMLReporter -->
<testsuite ignored="0" hostname="Min" failures="0" tests="4" name="Default test" time="335.106" errors="0" timestamp="09 Oct 2021 07:02:29 GMT">
  <testcase classname="restassuredTests.WeatherForecast" name="apiUsageCheck" time="3.407"/>
  <testcase classname="restassuredTests.WeatherForecast" name="testLog" time="1.269"/>
  <testcase classname="restassuredTests.WeatherForecast" name="testWeatherAPIStatus" time="1.174"/>
  <testcase classname="restassuredTests.WeatherForecast" name="verifyTemp" time="329.213"/>
</testsuite> <!-- Default test -->
